{"C:\\Users\\Asus\\Downloads\\fronted\\lab10\\task1\\src\\components\\TodoList.tsx": {"path":"C:\\Users\\Asus\\Downloads\\fronted\\lab10\\task1\\src\\components\\TodoList.tsx","statementMap":{"0":{"start":{"line":9,"column":0},"end":{"line":9,"column":16}},"1":{"start":{"line":1,"column":0},"end":{"line":1,"column":33}},"2":{"start":{"line":10,"column":28},"end":{"line":10,"column":58}},"3":{"start":{"line":11,"column":32},"end":{"line":11,"column":44}},"4":{"start":{"line":13,"column":18},"end":{"line":18,"column":3}},"5":{"start":{"line":14,"column":4},"end":{"line":17,"column":5}},"6":{"start":{"line":15,"column":6},"end":{"line":15,"column":87}},"7":{"start":{"line":16,"column":6},"end":{"line":16,"column":21}},"8":{"start":{"line":20,"column":2},"end":{"line":40,"column":4}},"9":{"start":{"line":26,"column":25},"end":{"line":26,"column":51}},"10":{"start":{"line":27,"column":26},"end":{"line":27,"column":56}},"11":{"start":{"line":32,"column":8},"end":{"line":32,"column":39}},"12":{"start":{"line":34,"column":61},"end":{"line":34,"column":106}},"13":{"start":{"line":34,"column":88},"end":{"line":34,"column":104}}},"fnMap":{"0":{"name":"TodoList","decl":{"start":{"line":9,"column":16},"end":{"line":9,"column":24}},"loc":{"start":{"line":9,"column":73},"end":{"line":41,"column":1}}},"1":{"name":"(anonymous_1)","decl":{"start":{"line":13,"column":18},"end":{"line":13,"column":21}},"loc":{"start":{"line":13,"column":23},"end":{"line":18,"column":3}}},"2":{"name":"(anonymous_2)","decl":{"start":{"line":26,"column":18},"end":{"line":26,"column":19}},"loc":{"start":{"line":26,"column":25},"end":{"line":26,"column":51}}},"3":{"name":"(anonymous_3)","decl":{"start":{"line":27,"column":19},"end":{"line":27,"column":20}},"loc":{"start":{"line":27,"column":26},"end":{"line":27,"column":56}}},"4":{"name":"(anonymous_4)","decl":{"start":{"line":31,"column":17},"end":{"line":31,"column":21}},"loc":{"start":{"line":32,"column":8},"end":{"line":32,"column":39}}},"5":{"name":"(anonymous_5)","decl":{"start":{"line":34,"column":55},"end":{"line":34,"column":58}},"loc":{"start":{"line":34,"column":61},"end":{"line":34,"column":106}}},"6":{"name":"(anonymous_6)","decl":{"start":{"line":34,"column":83},"end":{"line":34,"column":84}},"loc":{"start":{"line":34,"column":88},"end":{"line":34,"column":104}}}},"branchMap":{"0":{"loc":{"start":{"line":9,"column":27},"end":{"line":9,"column":44}},"type":"default-arg","locations":[{"start":{"line":9,"column":42},"end":{"line":9,"column":44}}]},"1":{"loc":{"start":{"line":14,"column":4},"end":{"line":17,"column":5}},"type":"if","locations":[{"start":{"line":14,"column":4},"end":{"line":17,"column":5}}]},"2":{"loc":{"start":{"line":27,"column":26},"end":{"line":27,"column":56}},"type":"binary-expr","locations":[{"start":{"line":27,"column":26},"end":{"line":27,"column":43}},{"start":{"line":27,"column":47},"end":{"line":27,"column":56}}]}},"s":{"0":1,"1":1,"2":19,"3":19,"4":19,"5":6,"6":4,"7":4,"8":19,"9":6,"10":1,"11":9,"12":1,"13":1},"f":{"0":19,"1":6,"2":6,"3":1,"4":9,"5":1,"6":1},"b":{"0":[15],"1":[4],"2":[1,1]}}
}
