TN:
SF:src\components\TodoList.tsx
FN:9,TodoList
FN:13,(anonymous_1)
FN:26,(anonymous_2)
FN:27,(anonymous_3)
FN:31,(anonymous_4)
FN:34,(anonymous_5)
FN:34,(anonymous_6)
FNF:7
FNH:7
FNDA:19,TodoList
FNDA:6,(anonymous_1)
FNDA:6,(anonymous_2)
FNDA:1,(anonymous_3)
FNDA:9,(anonymous_4)
FNDA:1,(anonymous_5)
FNDA:1,(anonymous_6)
DA:1,1
DA:9,1
DA:10,19
DA:11,19
DA:13,19
DA:14,6
DA:15,4
DA:16,4
DA:20,19
DA:26,6
DA:27,1
DA:32,9
DA:34,1
LF:13
LH:13
BRDA:9,0,0,15
BRDA:14,1,0,4
BRDA:27,2,0,1
BRDA:27,2,1,1
BRF:4
BRH:4
end_of_record
